Arguments: 
  /Users/tanlh/.nvm/versions/node/v20.8.0/bin/node /usr/local/bin/yarn install

PATH: 
  /Users/tanlh/.rvm/gems/ruby-2.7.6/bin:/Users/tanlh/.rvm/gems/ruby-2.7.6@global/bin:/Users/tanlh/.rvm/rubies/ruby-2.7.6/bin:/Users/tanlh/.nvm/versions/node/v20.8.0/bin:/Users/tanlh/fvm/default/bin:/usr/local/bin:/System/Cryptexes/App/usr/bin:/usr/bin:/bin:/usr/sbin:/sbin:/Applications/VMware Fusion.app/Contents/Public:/Library/Apple/usr/bin:/Users/tanlh/.rvm/bin:/Users/tanlh/Library/Android/sdk/emulator:/Users/tanlh/Library/Android/sdk/tools:/Users/tanlh/Library/Android/sdk/tools/bin:/Users/tanlh/Library/Android/sdk/platform-tools:/Users/tanlh/.pub-cache/bin

Yarn version: 
  1.22.11

Node version: 
  20.8.0

Platform: 
  darwin x64

Trace: 
  Error: http://10.193.207.182:8081/repository/xdragon-group/@types%2fvscode: socket hang up
      at connResetException (node:internal/errors:721:14)
      at Socket.socketOnEnd (node:_http_client:519:23)
      at Socket.emit (node:events:526:35)
      at endReadableNT (node:internal/streams/readable:1408:12)
      at process.processTicksAndRejections (node:internal/process/task_queues:82:21)

npm manifest: 
  {
    "name": "xp-completion-widget",
    "displayName": "xp-completion-widget",
    "description": "公共组件预览补全",
    "version": "0.0.1",
    "engines": {
      "vscode": "^1.91.0"
    },
    "categories": [
      "Other"
    ],
    "activationEvents": [],
    "main": "./dist/extension.js",
    "contributes": {
      "commands": [
        {
          "command": "xp-completion-widget.helloWorld",
          "title": "Hello World"
        }
      ]
    },
    "scripts": {
      "vscode:prepublish": "yarn run package",
      "compile": "webpack",
      "watch": "webpack --watch",
      "package": "webpack --mode production --devtool hidden-source-map",
      "compile-tests": "tsc -p . --outDir out",
      "watch-tests": "tsc -p . -w --outDir out",
      "pretest": "yarn run compile-tests && yarn run compile && yarn run lint",
      "lint": "eslint src --ext ts",
      "test": "node ./out/test/runTest.js"
    },
    "devDependencies": {
      "@types/vscode": "^1.91.0",
      "@types/mocha": "^10.0.3",
      "@types/node": "18.x",
      "@typescript-eslint/eslint-plugin": "^6.9.0",
      "@typescript-eslint/parser": "^6.9.0",
      "eslint": "^8.52.0",
      "glob": "^10.3.10",
      "mocha": "^10.2.0",
      "typescript": "^5.2.2",
      "ts-loader": "^9.5.0",
      "webpack": "^5.89.0",
      "webpack-cli": "^5.1.4",
      "@vscode/test-electron": "^2.3.6"
    }
  }

yarn manifest: 
  No manifest

Lockfile: 
  No lockfile
